<?xml version="1.0" encoding="UTF-8"?>
<testsuite name="pl.edu.agh.school.guice.SchoolModuleTest" tests="1" skipped="0" failures="0" errors="0" timestamp="2023-10-21T12:08:26" hostname="wajktor13" time="0.175">
  <properties/>
  <testcase name="loggerIsSingleton()" classname="pl.edu.agh.school.guice.SchoolModuleTest" time="0.175"/>
  <system-out><![CDATA[]]></system-out>
  <system-err><![CDATA[]]></system-err>
</testsuite>
